Thu Aug 13 19:56:30 2020 -> Prendas vendidas: 879 638 636 748 814
Thu Aug 13 19:57:33 2020 -> Prendas vendidas: 651 713 788
Thu Aug 13 21:41:40 2020 -> Prendas vendidas: 720
Fri Aug 14 09:11:00 2020 -> Prendas vendidas: 1101
Fri Aug 14 09:15:47 2020 -> Prendas vendidas: 1058
Fri Aug 14 09:16:47 2020 -> Prendas vendidas: 790 942
Fri Aug 14 09:18:22 2020 -> Prendas vendidas: 671
Fri Aug 14 09:21:05 2020 -> Prendas vendidas: 931
Fri Aug 14 09:22:13 2020 -> Prendas vendidas: 1075 1038 940 861 1050
Fri Aug 14 09:23:20 2020 -> Prendas vendidas: 839
Fri Aug 14 09:27:58 2020 -> Prendas vendidas: 1060 832 912 1064 938 996 6 898
Fri Aug 14 09:29:49 2020 -> Prendas vendidas: 468
Fri Aug 14 09:41:22 2020 -> Prendas vendidas: 637 1029 848 841 842 960 745 1025 1081
Fri Aug 14 09:44:10 2020 -> Prendas vendidas: 762 760 922 1024
Fri Aug 14 09:46:55 2020 -> Prendas vendidas: 700
Fri Aug 14 09:51:19 2020 -> Prendas vendidas: 954 809 699
Fri Aug 14 09:52:15 2020 -> Prendas vendidas: 718 890
Fri Aug 14 09:58:00 2020 -> Prendas vendidas: 918 585 1106 1105 1104 1103 1102 915
Fri Aug 14 10:00:08 2020 -> Prendas vendidas: 774 850 880
Fri Aug 14 10:01:58 2020 -> Prendas vendidas: 840 899
Fri Aug 14 10:04:57 2020 -> Prendas vendidas: 789
Fri Aug 14 10:10:38 2020 -> Prendas vendidas: 805
Fri Aug 14 10:12:50 2020 -> Prendas vendidas: 895 865
Fri Aug 14 10:13:52 2020 -> Prendas vendidas: 838
Fri Aug 14 10:14:39 2020 -> Prendas vendidas: 79
Fri Aug 14 10:15:23 2020 -> Prendas vendidas: 663 516
Fri Aug 14 10:21:12 2020 -> Prendas vendidas: 664 665
Fri Aug 14 10:22:04 2020 -> Prendas vendidas: 1031 1068
Fri Aug 14 10:22:51 2020 -> Prendas vendidas: 734
Fri Aug 14 10:28:53 2020 -> Prendas vendidas: 511 1052
Fri Aug 14 10:44:22 2020 -> Prendas vendidas: 605
Fri Aug 14 10:45:06 2020 -> Prendas vendidas: 667 587
Fri Aug 14 10:49:49 2020 -> Prendas vendidas: 1059 685
Fri Aug 14 10:50:34 2020 -> Prendas vendidas: 742 1057
Fri Aug 14 10:53:18 2020 -> Prendas vendidas: 782
Fri Aug 14 10:54:30 2020 -> Prendas vendidas: 569 928 881
Fri Aug 14 10:56:45 2020 -> Prendas vendidas: 821
Fri Aug 14 11:12:11 2020 -> Prendas vendidas: 1018
Fri Aug 14 11:20:52 2020 -> Prendas vendidas: 705 793
Fri Aug 14 11:27:08 2020 -> Prendas vendidas: 1078
Fri Aug 14 11:27:54 2020 -> Prendas vendidas: 1041 739
Fri Aug 14 11:28:27 2020 -> Prendas vendidas: 740
Fri Aug 14 11:45:45 2020 -> Prendas vendidas: 1082 1080
Fri Aug 14 11:49:06 2020 -> Prendas vendidas: 679
Fri Aug 14 11:52:19 2020 -> Prendas vendidas: 697 746
Fri Aug 14 11:53:32 2020 -> Prendas vendidas: 1091 682 654
Fri Aug 14 11:58:16 2020 -> Prendas vendidas: 909
Fri Aug 14 12:01:02 2020 -> Prendas vendidas: 357
Fri Aug 14 12:08:38 2020 -> Prendas vendidas: 181
Fri Aug 14 12:10:56 2020 -> Prendas vendidas: 1003
Fri Aug 14 12:28:56 2020 -> Prendas vendidas: 1022
Fri Aug 14 12:37:51 2020 -> Prendas vendidas: 689 688 424 920 719
Fri Aug 14 13:16:09 2020 -> Prendas vendidas: 711 554
Fri Aug 14 13:21:54 2020 -> Prendas vendidas: 120
Fri Aug 14 13:48:20 2020 -> Prendas vendidas: 992 998
Fri Aug 14 13:58:06 2020 -> Prendas vendidas: 1095
Fri Aug 14 14:00:32 2020 -> Prendas vendidas: 1017 834 573 1032 1100
Fri Aug 14 14:19:10 2020 -> Prendas vendidas: 706
Fri Aug 14 14:35:37 2020 -> Prendas vendidas: 941
Fri Aug 14 14:46:18 2020 -> Prendas vendidas: 955
Fri Aug 14 14:56:01 2020 -> Prendas vendidas: 717
Fri Aug 14 15:01:05 2020 -> Prendas vendidas: 350 953 574
Fri Aug 14 15:03:19 2020 -> Prendas vendidas: 896 935 897
Fri Aug 14 15:20:13 2020 -> Prendas vendidas: 227 1049 815
Fri Aug 14 15:21:10 2020 -> Prendas vendidas: 1023 826
Fri Aug 14 15:30:24 2020 -> Prendas vendidas: 749
Fri Aug 14 15:30:54 2020 -> Prendas vendidas: 1055
Fri Aug 14 16:28:29 2020 -> Prendas vendidas: 444
Fri Aug 14 16:30:55 2020 -> Prendas vendidas: 844
Fri Aug 14 16:47:48 2020 -> Prendas vendidas: 858 819 930
Fri Aug 14 17:29:07 2020 -> Prendas vendidas: 45
Fri Aug 14 17:32:50 2020 -> Prendas vendidas: 1073
Fri Aug 14 17:34:15 2020 -> Prendas vendidas: 364
Fri Aug 14 22:16:43 2020 -> Prendas vendidas: 1067 1085 1088
Sat Aug 15 08:27:33 2020 -> Prendas vendidas: 845
Sat Aug 15 08:41:02 2020 -> Prendas vendidas: 871
Sat Aug 15 08:58:55 2020 -> Prendas vendidas: 425
Sat Aug 15 09:10:15 2020 -> Prendas vendidas: 1143 541 1149
Sat Aug 15 09:11:50 2020 -> Prendas vendidas: 1159 1147 281
Sat Aug 15 09:16:20 2020 -> Prendas vendidas: 672
Sat Aug 15 09:16:56 2020 -> Prendas vendidas: 917
Sat Aug 15 09:21:24 2020 -> Prendas vendidas: 380
Sat Aug 15 09:25:40 2020 -> Prendas vendidas: 1135 1168
Sat Aug 15 09:25:54 2020 -> Prendas vendidas: 1160
Sat Aug 15 09:44:03 2020 -> Prendas vendidas: 927 356
Sat Aug 15 09:50:37 2020 -> Prendas vendidas: 1173 1127 1126 769 823
Sat Aug 15 09:53:11 2020 -> Prendas vendidas: 1099
Sat Aug 15 09:53:58 2020 -> Prendas vendidas: 1026
Sat Aug 15 09:56:33 2020 -> Prendas vendidas: 1097 402 1152 156
Sat Aug 15 10:00:10 2020 -> Prendas vendidas: 785 683 916 784 722
Sat Aug 15 10:01:09 2020 -> Prendas vendidas: 872
Sat Aug 15 10:04:48 2020 -> Prendas vendidas: 786 852 676
Sat Aug 15 10:15:29 2020 -> Prendas vendidas: 1125 1154 56 1151
Sat Aug 15 10:17:56 2020 -> Prendas vendidas: 229
Sat Aug 15 10:24:31 2020 -> Prendas vendidas: 522
Sat Aug 15 10:26:25 2020 -> Prendas vendidas: 1034
Sat Aug 15 10:27:28 2020 -> Prendas vendidas: 863
Sat Aug 15 10:30:14 2020 -> Prendas vendidas: 958
Sat Aug 15 10:32:12 2020 -> Prendas vendidas: 837
Sat Aug 15 10:34:21 2020 -> Prendas vendidas: 937
Sat Aug 15 10:35:12 2020 -> Prendas vendidas: 1131
Sat Aug 15 10:53:08 2020 -> Prendas vendidas: 1098
Sat Aug 15 10:59:30 2020 -> Prendas vendidas: 757
Sat Aug 15 11:00:29 2020 -> Prendas vendidas: 1021
Sat Aug 15 11:00:47 2020 -> Prendas vendidas: 1140
Sat Aug 15 11:11:46 2020 -> Prendas vendidas: 755
Sat Aug 15 11:30:36 2020 -> Prendas vendidas: 642 544
Sat Aug 15 11:47:15 2020 -> Prendas vendidas: 658
Sat Aug 15 12:18:01 2020 -> Prendas vendidas: 933
Sat Aug 15 12:27:16 2020 -> Prendas vendidas: 961
Sat Aug 15 12:43:55 2020 -> Prendas vendidas: 725
Sat Aug 15 12:43:59 2020 -> Prendas vendidas: 801
Sat Aug 15 12:44:04 2020 -> Prendas vendidas: 709
Sat Aug 15 12:44:10 2020 -> Prendas vendidas: 946
Sat Aug 15 15:05:24 2020 -> Prendas vendidas: 1186 1193
Sun Aug 16 12:56:20 2020 -> Prendas vendidas: 892
Sun Aug 16 19:09:19 2020 -> Prendas vendidas: 1194
Sun Aug 16 23:46:48 2020 -> Prendas vendidas: 1157
Sun Aug 16 23:47:09 2020 -> Prendas vendidas: 1183
Sun Aug 16 23:48:08 2020 -> Prendas vendidas: 768
Sun Aug 16 23:51:02 2020 -> Prendas vendidas: 603 659 1048
Fri Aug 21 20:31:12 2020 -> Prendas vendidas: 253
Fri Aug 21 20:51:58 2020 -> Prendas vendidas: 1107 1165
Mon Aug 24 20:44:25 2020 -> Prendas vendidas: 1035 1195
Mon Aug 24 20:46:39 2020 -> Prendas vendidas: 752
Wed Aug 26 08:34:15 2020 -> Prendas vendidas: 254 255 1288 1290
Wed Aug 26 08:47:44 2020 -> Prendas vendidas: 1317 1289 1318
Wed Aug 26 09:10:51 2020 -> Prendas vendidas: 1403
Wed Aug 26 09:31:10 2020 -> Prendas vendidas: 1361 1363
Wed Aug 26 09:31:52 2020 -> Prendas vendidas: 1434
Wed Aug 26 09:33:25 2020 -> Prendas vendidas: 874
Wed Aug 26 09:38:38 2020 -> Prendas vendidas: 1542 1543 1544
Wed Aug 26 09:45:54 2020 -> Prendas vendidas: 1541 1495 855 1348 1607
Wed Aug 26 09:49:46 2020 -> Prendas vendidas: 1385 1192 648 1400 1436
Wed Aug 26 09:54:18 2020 -> Prendas vendidas: 1296 1484 1417 1156 1120 1366 1092
Wed Aug 26 09:57:25 2020 -> Prendas vendidas: 1427 1331 1391 1489 1486 1500 1472 1473
Wed Aug 26 09:58:32 2020 -> Prendas vendidas: 1402 38
Wed Aug 26 10:03:34 2020 -> Prendas vendidas: 900 1545 1416 1063 889
Wed Aug 26 10:03:58 2020 -> Prendas vendidas: 1406 808
Wed Aug 26 10:07:07 2020 -> Prendas vendidas: 1061 1480 694 1475 1609
Wed Aug 26 10:10:32 2020 -> Prendas vendidas: 1407
Wed Aug 26 10:14:09 2020 -> Prendas vendidas: 1330 1347
Wed Aug 26 10:17:25 2020 -> Prendas vendidas: 703 1297 1268
Wed Aug 26 10:23:03 2020 -> Prendas vendidas: 469
Wed Aug 26 10:23:51 2020 -> Prendas vendidas: 1377
Wed Aug 26 10:30:22 2020 -> Prendas vendidas: 1362 1327
Wed Aug 26 10:36:49 2020 -> Prendas vendidas: 1570 1487 1322
Wed Aug 26 10:40:19 2020 -> Prendas vendidas: 1613 1158
Wed Aug 26 10:57:27 2020 -> Prendas vendidas: 1514 1474 1415
Wed Aug 26 11:01:03 2020 -> Prendas vendidas: 1392 1390
Wed Aug 26 11:02:13 2020 -> Prendas vendidas: 1216 1113
Wed Aug 26 11:09:33 2020 -> Prendas vendidas: 1546 714
Wed Aug 26 11:24:09 2020 -> Prendas vendidas: 944 934
Wed Aug 26 11:25:23 2020 -> Prendas vendidas: 1368 1339
Wed Aug 26 11:41:52 2020 -> Prendas vendidas: 1145
Wed Aug 26 11:46:27 2020 -> Prendas vendidas: 204 1204 1205 763 1449 817 1614
Wed Aug 26 11:46:50 2020 -> Prendas vendidas: 952
Wed Aug 26 11:48:59 2020 -> Prendas vendidas: 1451 877
Wed Aug 26 11:50:46 2020 -> Prendas vendidas: 1618
Wed Aug 26 12:08:06 2020 -> Prendas vendidas: 1020 862
Wed Aug 26 12:14:32 2020 -> Prendas vendidas: 950 1435 430
Wed Aug 26 12:15:28 2020 -> Prendas vendidas: 1261 1357
Wed Aug 26 12:27:27 2020 -> Prendas vendidas: 474 1074
Wed Aug 26 12:32:40 2020 -> Prendas vendidas: 155
Wed Aug 26 12:34:05 2020 -> Prendas vendidas: 884
Wed Aug 26 12:40:57 2020 -> Prendas vendidas: 1608 1217 1295 1320
Wed Aug 26 12:41:04 2020 -> Prendas vendidas: 1492
Wed Aug 26 12:43:51 2020 -> Prendas vendidas: 1012 1110
Wed Aug 26 12:45:41 2020 -> Prendas vendidas: 1364 1146 820
Wed Aug 26 12:57:44 2020 -> Prendas vendidas: 660 93 1037 1047
Wed Aug 26 13:12:59 2020 -> Prendas vendidas: 1328 1411 1293 1493 1540
Wed Aug 26 13:26:49 2020 -> Prendas vendidas: 1610
Wed Aug 26 13:27:14 2020 -> Prendas vendidas: 1185
Wed Aug 26 13:30:17 2020 -> Prendas vendidas: 652
Wed Aug 26 13:31:13 2020 -> Prendas vendidas: 1519
Wed Aug 26 13:34:29 2020 -> Prendas vendidas: 1321 549
Wed Aug 26 13:36:39 2020 -> Prendas vendidas: 1329
Wed Aug 26 13:38:07 2020 -> Prendas vendidas: 1616
Wed Aug 26 13:55:44 2020 -> Prendas vendidas: 1345
Wed Aug 26 13:59:03 2020 -> Prendas vendidas: 948
Wed Aug 26 13:59:58 2020 -> Prendas vendidas: 1630
Wed Aug 26 14:20:30 2020 -> Prendas vendidas: 1346 649 650
Wed Aug 26 14:20:34 2020 -> Prendas vendidas: 1479
Wed Aug 26 14:37:31 2020 -> Prendas vendidas: 1308 1393
Wed Aug 26 14:38:53 2020 -> Prendas vendidas: 1174 1281 1278 1294 1584 1583
Wed Aug 26 14:39:14 2020 -> Prendas vendidas: 1291
Wed Aug 26 14:46:28 2020 -> Prendas vendidas: 1342
Wed Aug 26 15:17:23 2020 -> Prendas vendidas: 1515 1516
Wed Aug 26 15:17:38 2020 -> Prendas vendidas: 1591
Wed Aug 26 15:21:12 2020 -> Prendas vendidas: 1372
Wed Aug 26 15:34:38 2020 -> Prendas vendidas: 1300 1303
Wed Aug 26 15:41:59 2020 -> Prendas vendidas: 1044 693
Wed Aug 26 15:57:10 2020 -> Prendas vendidas: 1522 1520
Wed Aug 26 16:04:06 2020 -> Prendas vendidas: 53 193
Wed Aug 26 16:04:56 2020 -> Prendas vendidas: 1600 1076 1429
Wed Aug 26 16:05:34 2020 -> Prendas vendidas: 893 196
Wed Aug 26 16:16:16 2020 -> Prendas vendidas: 1230 1517 1521 1128 1371 1197 1388 1190
Wed Aug 26 16:30:24 2020 -> Prendas vendidas: 1062 646 687 644
Wed Aug 26 16:31:06 2020 -> Prendas vendidas: 1306
Wed Aug 26 16:31:14 2020 -> Prendas vendidas: 1305
Wed Aug 26 16:49:17 2020 -> Prendas vendidas: 600 816 191 766
Wed Aug 26 16:51:49 2020 -> Prendas vendidas: 641
Wed Aug 26 17:56:55 2020 -> Prendas vendidas: 943
Wed Aug 26 18:11:31 2020 -> Prendas vendidas: 831 1563 1481 1478 829
Wed Aug 26 18:13:39 2020 -> Prendas vendidas: 1558
Wed Aug 26 18:14:26 2020 -> Prendas vendidas: 1380 1399
